HTTP Method: GET
Requested URL: /
Query Parameters: {}
IP Address: ::ffff:127.0.0.1
Timestamp: 2023-09-18T19:12:32.670Z



HTTP Method: GET
Requested URL: /favicon.ico
Query Parameters: {}
IP Address: ::ffff:127.0.0.1
Timestamp: 2023-09-18T19:12:32.718Z



HTTP Method: GET
Requested URL: /asd
Query Parameters: {}
IP Address: ::ffff:127.0.0.1
Timestamp: 2023-09-18T19:12:37.471Z



HTTP Method: GET
Requested URL: /favicon.ico
Query Parameters: {}
IP Address: ::ffff:127.0.0.1
Timestamp: 2023-09-18T19:12:37.528Z



HTTP Method: GET
Requested URL: /example
Query Parameters: {}
IP Address: ::ffff:127.0.0.1
Timestamp: 2023-09-18T19:12:41.371Z



HTTP Method: GET
Requested URL: /favicon.ico
Query Parameters: {}
IP Address: ::ffff:127.0.0.1
Timestamp: 2023-09-18T19:12:41.409Z



HTTP Method: GET
Requested URL: /example
Query Parameters: {}
IP Address: ::ffff:127.0.0.1
Timestamp: 2023-09-18T19:12:43.517Z



HTTP Method: GET
Requested URL: /favicon.ico
Query Parameters: {}
IP Address: ::ffff:127.0.0.1
Timestamp: 2023-09-18T19:12:43.553Z



HTTP Method: GET
Requested URL: /example
Query Parameters: {}
IP Address: ::ffff:127.0.0.1
Timestamp: 2023-09-18T19:12:43.661Z



HTTP Method: GET
Requested URL: /favicon.ico
Query Parameters: {}
IP Address: ::ffff:127.0.0.1
Timestamp: 2023-09-18T19:12:43.699Z



HTTP Method: GET
Requested URL: /example
Query Parameters: {}
IP Address: ::ffff:127.0.0.1
Timestamp: 2023-09-18T19:12:43.811Z



HTTP Method: GET
Requested URL: /favicon.ico
Query Parameters: {}
IP Address: ::ffff:127.0.0.1
Timestamp: 2023-09-18T19:12:43.853Z



HTTP Method: GET
Requested URL: /example
Query Parameters: {}
IP Address: ::ffff:127.0.0.1
Timestamp: 2023-09-18T19:12:43.940Z



HTTP Method: GET
Requested URL: /favicon.ico
Query Parameters: {}
IP Address: ::ffff:127.0.0.1
Timestamp: 2023-09-18T19:12:43.974Z



HTTP Method: GET
Requested URL: /example
Query Parameters: {}
IP Address: ::ffff:127.0.0.1
Timestamp: 2023-09-18T19:12:44.074Z



HTTP Method: GET
Requested URL: /favicon.ico
Query Parameters: {}
IP Address: ::ffff:127.0.0.1
Timestamp: 2023-09-18T19:12:44.108Z



HTTP Method: GET
Requested URL: /example
Query Parameters: {}
IP Address: ::ffff:127.0.0.1
Timestamp: 2023-09-18T19:12:44.207Z



HTTP Method: GET
Requested URL: /favicon.ico
Query Parameters: {}
IP Address: ::ffff:127.0.0.1
Timestamp: 2023-09-18T19:12:44.244Z



HTTP Method: GET
Requested URL: /example
Query Parameters: {}
IP Address: ::ffff:127.0.0.1
Timestamp: 2023-09-18T19:12:44.350Z



HTTP Method: GET
Requested URL: /favicon.ico
Query Parameters: {}
IP Address: ::ffff:127.0.0.1
Timestamp: 2023-09-18T19:12:44.387Z



HTTP Method: GET
Requested URL: /example
Query Parameters: {}
IP Address: ::ffff:127.0.0.1
Timestamp: 2023-09-18T19:12:54.030Z



HTTP Method: GET
Requested URL: /favicon.ico
Query Parameters: {}
IP Address: ::ffff:127.0.0.1
Timestamp: 2023-09-18T19:12:54.067Z



HTTP Method: GET
Requested URL: /example
Query Parameters: {}
IP Address: ::ffff:127.0.0.1
Timestamp: 2023-09-18T19:12:54.266Z



HTTP Method: GET
Requested URL: /favicon.ico
Query Parameters: {}
IP Address: ::ffff:127.0.0.1
Timestamp: 2023-09-18T19:12:54.309Z



HTTP Method: GET
Requested URL: /example
Query Parameters: {}
IP Address: ::ffff:127.0.0.1
Timestamp: 2023-09-18T19:12:54.418Z



HTTP Method: GET
Requested URL: /favicon.ico
Query Parameters: {}
IP Address: ::ffff:127.0.0.1
Timestamp: 2023-09-18T19:12:54.464Z



HTTP Method: GET
Requested URL: /example
Query Parameters: {}
IP Address: ::ffff:127.0.0.1
Timestamp: 2023-09-18T19:12:54.560Z



HTTP Method: GET
Requested URL: /favicon.ico
Query Parameters: {}
IP Address: ::ffff:127.0.0.1
Timestamp: 2023-09-18T19:12:54.595Z



HTTP Method: GET
Requested URL: /example
Query Parameters: {}
IP Address: ::ffff:127.0.0.1
Timestamp: 2023-09-18T19:12:54.699Z



HTTP Method: GET
Requested URL: /favicon.ico
Query Parameters: {}
IP Address: ::ffff:127.0.0.1
Timestamp: 2023-09-18T19:12:54.736Z



HTTP Method: GET
Requested URL: /example
Query Parameters: {}
IP Address: ::ffff:127.0.0.1
Timestamp: 2023-09-18T19:12:54.846Z



HTTP Method: GET
Requested URL: /favicon.ico
Query Parameters: {}
IP Address: ::ffff:127.0.0.1
Timestamp: 2023-09-18T19:12:54.897Z



HTTP Method: GET
Requested URL: /example
Query Parameters: {}
IP Address: ::ffff:127.0.0.1
Timestamp: 2023-09-18T19:12:54.982Z



HTTP Method: GET
Requested URL: /favicon.ico
Query Parameters: {}
IP Address: ::ffff:127.0.0.1
Timestamp: 2023-09-18T19:12:55.017Z



HTTP Method: GET
Requested URL: /example
Query Parameters: {}
IP Address: ::ffff:127.0.0.1
Timestamp: 2023-09-18T19:12:55.119Z



HTTP Method: GET
Requested URL: /favicon.ico
Query Parameters: {}
IP Address: ::ffff:127.0.0.1
Timestamp: 2023-09-18T19:12:55.153Z



HTTP Method: GET
Requested URL: /example
Query Parameters: {}
IP Address: ::ffff:127.0.0.1
Timestamp: 2023-09-18T19:12:55.233Z



HTTP Method: GET
Requested URL: /favicon.ico
Query Parameters: {}
IP Address: ::ffff:127.0.0.1
Timestamp: 2023-09-18T19:12:55.266Z



HTTP Method: GET
Requested URL: /example
Query Parameters: {}
IP Address: ::ffff:127.0.0.1
Timestamp: 2023-09-18T19:12:55.354Z



HTTP Method: GET
Requested URL: /favicon.ico
Query Parameters: {}
IP Address: ::ffff:127.0.0.1
Timestamp: 2023-09-18T19:12:55.387Z



