HTTP Method: GET
Requested URL: /example
Query Parameters: {}
IP Address: ::ffff:127.0.0.1
Timestamp: 2023-09-18T19:13:10.126Z



HTTP Method: GET
Requested URL: /favicon.ico
Query Parameters: {}
IP Address: ::ffff:127.0.0.1
Timestamp: 2023-09-18T19:13:10.161Z



HTTP Method: GET
Requested URL: /example
Query Parameters: {}
IP Address: ::ffff:127.0.0.1
Timestamp: 2023-09-18T19:13:17.906Z



HTTP Method: GET
Requested URL: /favicon.ico
Query Parameters: {}
IP Address: ::ffff:127.0.0.1
Timestamp: 2023-09-18T19:13:17.939Z



HTTP Method: GET
Requested URL: /example
Query Parameters: {}
IP Address: ::ffff:127.0.0.1
Timestamp: 2023-09-18T19:13:18.045Z



HTTP Method: GET
Requested URL: /favicon.ico
Query Parameters: {}
IP Address: ::ffff:127.0.0.1
Timestamp: 2023-09-18T19:13:18.097Z



HTTP Method: GET
Requested URL: /example
Query Parameters: {}
IP Address: ::ffff:127.0.0.1
Timestamp: 2023-09-18T19:13:18.190Z



HTTP Method: GET
Requested URL: /favicon.ico
Query Parameters: {}
IP Address: ::ffff:127.0.0.1
Timestamp: 2023-09-18T19:13:18.225Z



HTTP Method: GET
Requested URL: /example
Query Parameters: {}
IP Address: ::ffff:127.0.0.1
Timestamp: 2023-09-18T19:13:18.321Z



HTTP Method: GET
Requested URL: /favicon.ico
Query Parameters: {}
IP Address: ::ffff:127.0.0.1
Timestamp: 2023-09-18T19:13:18.355Z



HTTP Method: GET
Requested URL: /example
Query Parameters: {}
IP Address: ::ffff:127.0.0.1
Timestamp: 2023-09-18T19:13:18.457Z



HTTP Method: GET
Requested URL: /favicon.ico
Query Parameters: {}
IP Address: ::ffff:127.0.0.1
Timestamp: 2023-09-18T19:13:18.493Z



HTTP Method: GET
Requested URL: /example
Query Parameters: {}
IP Address: ::ffff:127.0.0.1
Timestamp: 2023-09-18T19:13:18.582Z



HTTP Method: GET
Requested URL: /favicon.ico
Query Parameters: {}
IP Address: ::ffff:127.0.0.1
Timestamp: 2023-09-18T19:13:18.626Z



HTTP Method: GET
Requested URL: /example
Query Parameters: {}
IP Address: ::ffff:127.0.0.1
Timestamp: 2023-09-18T19:13:18.723Z



HTTP Method: GET
Requested URL: /favicon.ico
Query Parameters: {}
IP Address: ::ffff:127.0.0.1
Timestamp: 2023-09-18T19:13:18.757Z



HTTP Method: GET
Requested URL: /example
Query Parameters: {}
IP Address: ::ffff:127.0.0.1
Timestamp: 2023-09-18T19:13:18.859Z



HTTP Method: GET
Requested URL: /favicon.ico
Query Parameters: {}
IP Address: ::ffff:127.0.0.1
Timestamp: 2023-09-18T19:13:18.892Z



HTTP Method: GET
Requested URL: /example
Query Parameters: {}
IP Address: ::ffff:127.0.0.1
Timestamp: 2023-09-18T19:13:18.991Z



HTTP Method: GET
Requested URL: /favicon.ico
Query Parameters: {}
IP Address: ::ffff:127.0.0.1
Timestamp: 2023-09-18T19:13:19.030Z



HTTP Method: GET
Requested URL: /example
Query Parameters: {}
IP Address: ::ffff:127.0.0.1
Timestamp: 2023-09-18T19:13:19.131Z



HTTP Method: GET
Requested URL: /favicon.ico
Query Parameters: {}
IP Address: ::ffff:127.0.0.1
Timestamp: 2023-09-18T19:13:19.187Z



HTTP Method: GET
Requested URL: /example
Query Parameters: {}
IP Address: ::ffff:127.0.0.1
Timestamp: 2023-09-18T19:13:19.260Z



HTTP Method: GET
Requested URL: /favicon.ico
Query Parameters: {}
IP Address: ::ffff:127.0.0.1
Timestamp: 2023-09-18T19:13:19.297Z



